Performing C SOURCE FILE Test CMAKE_HAVE_LIBC_PTHREAD failed with the following output:
Change Dir: /home/juliana/CLionProjects/semestral/cmake-build-debug/CMakeFiles/CMakeTmp

Run Build Command(s):/usr/bin/make cmTC_4bd09/fast && make[1]: Entering directory '/home/juliana/CLionProjects/semestral/cmake-build-debug/CMakeFiles/CMakeTmp'
/usr/bin/make -f CMakeFiles/cmTC_4bd09.dir/build.make CMakeFiles/cmTC_4bd09.dir/build
make[2]: Entering directory '/home/juliana/CLionProjects/semestral/cmake-build-debug/CMakeFiles/CMakeTmp'
Building C object CMakeFiles/cmTC_4bd09.dir/src.c.o
/usr/bin/gcc   -DCMAKE_HAVE_LIBC_PTHREAD   -std=gnu99 -o CMakeFiles/cmTC_4bd09.dir/src.c.o   -c /home/juliana/CLionProjects/semestral/cmake-build-debug/CMakeFiles/CMakeTmp/src.c
Linking C executable cmTC_4bd09
/home/juliana/.local/share/JetBrains/Toolbox/apps/CLion/ch-0/192.7142.39/bin/cmake/linux/bin/cmake -E cmake_link_script CMakeFiles/cmTC_4bd09.dir/link.txt --verbose=1
/usr/bin/gcc  -DCMAKE_HAVE_LIBC_PTHREAD    CMakeFiles/cmTC_4bd09.dir/src.c.o  -o cmTC_4bd09 
CMakeFiles/cmTC_4bd09.dir/src.c.o: In function `main':
src.c:(.text+0x3e): undefined reference to `pthread_create'
src.c:(.text+0x4a): undefined reference to `pthread_detach'
src.c:(.text+0x5b): undefined reference to `pthread_join'
src.c:(.text+0x6f): undefined reference to `pthread_atfork'
collect2: error: ld returned 1 exit status
CMakeFiles/cmTC_4bd09.dir/build.make:86: recipe for target 'cmTC_4bd09' failed
make[2]: *** [cmTC_4bd09] Error 1
make[2]: Leaving directory '/home/juliana/CLionProjects/semestral/cmake-build-debug/CMakeFiles/CMakeTmp'
Makefile:121: recipe for target 'cmTC_4bd09/fast' failed
make[1]: *** [cmTC_4bd09/fast] Error 2
make[1]: Leaving directory '/home/juliana/CLionProjects/semestral/cmake-build-debug/CMakeFiles/CMakeTmp'


Source file was:
#include <pthread.h>

void* test_func(void* data)
{
  return data;
}

int main(void)
{
  pthread_t thread;
  pthread_create(&thread, NULL, test_func, NULL);
  pthread_detach(thread);
  pthread_join(thread, NULL);
  pthread_atfork(NULL, NULL, NULL);
  pthread_exit(NULL);

  return 0;
}

Determining if the function pthread_create exists in the pthreads failed with the following output:
Change Dir: /home/juliana/CLionProjects/semestral/cmake-build-debug/CMakeFiles/CMakeTmp

Run Build Command(s):/usr/bin/make cmTC_31c18/fast && make[1]: Entering directory '/home/juliana/CLionProjects/semestral/cmake-build-debug/CMakeFiles/CMakeTmp'
/usr/bin/make -f CMakeFiles/cmTC_31c18.dir/build.make CMakeFiles/cmTC_31c18.dir/build
make[2]: Entering directory '/home/juliana/CLionProjects/semestral/cmake-build-debug/CMakeFiles/CMakeTmp'
Building C object CMakeFiles/cmTC_31c18.dir/CheckFunctionExists.c.o
/usr/bin/gcc   -DCHECK_FUNCTION_EXISTS=pthread_create   -std=gnu99 -o CMakeFiles/cmTC_31c18.dir/CheckFunctionExists.c.o   -c /home/juliana/.local/share/JetBrains/Toolbox/apps/CLion/ch-0/192.7142.39/bin/cmake/linux/share/cmake-3.15/Modules/CheckFunctionExists.c
Linking C executable cmTC_31c18
/home/juliana/.local/share/JetBrains/Toolbox/apps/CLion/ch-0/192.7142.39/bin/cmake/linux/bin/cmake -E cmake_link_script CMakeFiles/cmTC_31c18.dir/link.txt --verbose=1
/usr/bin/gcc  -DCHECK_FUNCTION_EXISTS=pthread_create    CMakeFiles/cmTC_31c18.dir/CheckFunctionExists.c.o  -o cmTC_31c18 -lpthreads 
/usr/bin/ld: cannot find -lpthreads
collect2: error: ld returned 1 exit status
CMakeFiles/cmTC_31c18.dir/build.make:86: recipe for target 'cmTC_31c18' failed
make[2]: *** [cmTC_31c18] Error 1
make[2]: Leaving directory '/home/juliana/CLionProjects/semestral/cmake-build-debug/CMakeFiles/CMakeTmp'
Makefile:121: recipe for target 'cmTC_31c18/fast' failed
make[1]: *** [cmTC_31c18/fast] Error 2
make[1]: Leaving directory '/home/juliana/CLionProjects/semestral/cmake-build-debug/CMakeFiles/CMakeTmp'



